<?xml version="1.0" encoding="UTF-8"?>
<!-- Generated by org.testng.reporters.JUnitXMLReporter -->
<testsuite ignored="3" hostname="LAPTOP-GQ2BCS1M" failures="0" tests="2" name="Test(failed)(failed)" time="0.059" errors="0" timestamp="2023-06-26T15:14:59 IST">
  <testcase classname="Test_EG.example4" name="TC5" time="0.009"/>
  <testcase classname="Test_EG.example4" name="TC4" time="0.0"/>
  <testcase classname="Test_EG.example4" name="TC3" time="0.0">
    <ignored/>
  </testcase> <!-- TC3 -->
  <testcase classname="Test_EG.example4" name="TC1" time="0.0">
    <ignored/>
  </testcase> <!-- TC1 -->
  <testcase classname="Test_EG.example4" name="TC2" time="0.0">
    <ignored/>
  </testcase> <!-- TC2 -->
</testsuite> <!-- Test(failed)(failed) -->
