<?xml version="1.0" encoding="UTF-8"?>
<!-- Generated by org.testng.reporters.JUnitXMLReporter -->
<testsuite ignored="0" hostname="LAPTOP-GQ2BCS1M" failures="1" tests="1" name="Test3" time="0.106" errors="0" timestamp="2023-09-11T21:54:25 IST">
  <testcase classname="TestNG_6.Example1_MultiBrowserTesting3" name="TC1" time="0.018">
    <failure type="java.lang.NullPointerException">
      <![CDATA[java.lang.NullPointerException
at TestNG_6.Example1_MultiBrowserTesting3.TC1(Example1_MultiBrowserTesting3.java:28)
at java.base/java.util.ArrayList.forEach(ArrayList.java:1541)
at java.base/java.util.concurrent.FutureTask.run(FutureTask.java:264)
at java.base/java.util.concurrent.ThreadPoolExecutor.runWorker(ThreadPoolExecutor.java:1128)
at java.base/java.util.concurrent.ThreadPoolExecutor$Worker.run(ThreadPoolExecutor.java:628)
at java.base/java.lang.Thread.run(Thread.java:834)
... Removed 17 stack frames]]>
    </failure>
  </testcase> <!-- TC1 -->
</testsuite> <!-- Test3 -->
