<?xml version="1.0" encoding="UTF-8"?>
<testng-results ignored="0" total="1" passed="1" failed="0" skipped="0">
  <reporter-output>
  </reporter-output>
  <suite started-at="2023-06-23T09:14:12 IST" name="Default suite" finished-at="2023-06-23T09:14:20 IST" duration-ms="8078">
    <groups>
    </groups>
    <test started-at="2023-06-23T09:14:12 IST" name="Default test" finished-at="2023-06-23T09:14:20 IST" duration-ms="8078">
      <class name="Example1.demo3">
        <test-method signature="m1()[pri:0, instance:Example1.demo3@1972e513]" started-at="2023-06-23T09:14:12 IST" name="m1" finished-at="2023-06-23T09:14:20 IST" duration-ms="8023" status="PASS">
          <reporter-output>
          </reporter-output>
        </test-method> <!-- m1 -->
      </class> <!-- Example1.demo3 -->
    </test> <!-- Default test -->
  </suite> <!-- Default suite -->
</testng-results>
